This is pdfTeX, Version 3.1415926-1.40.10 (TeX Live 2009/Debian) (format=pdflatex 2013.11.24)  10 JUL 2014 22:02
entering extended mode
 %&-line parsing enabled.
**diploma.tex
(./diploma.tex
LaTeX2e <2009/09/24>
Babel <v3.8l> and hyphenation patterns for english, usenglishmax, dumylang, noh
yphenation, bulgarian, ukrainian, russian, loaded.
(./G7-32.cls
Document Class: G7-32 2003/07/01 v1.0 Non Standard LaTeX document class
(./GostBase.clo (/usr/share/texmf-texlive/tex/latex/extsizes/size14.clo
File: size14.clo 1999/11/11 v1.4a NON-Standard LaTeX file (size option)
))
(./G2-105.sty
Package: G2-105 2003/07/07 v1.00 General reqs. GOST 2.105-95
\c@totalpage=\count79
\c@totaltable=\count80
\c@totalfigure=\count81
\c@totalbib=\count82
\GostAfterTitleSkip=\skip41
\GostBetweenTitleSkip=\skip42
\GostBeforTitleSkip=\skip43
\GostBeforNoTitleSkip=\skip44
\GostHTitleSpace=\skip45
\Gost@ChapterIndent=\skip46

! Undefined control sequence.
<argument> \GostTitleIndent 
                            
l.137 ...\Gost@ChapterIndent    {\GostTitleIndent}
                                                  
The control sequence at the end of the top line
of your error message was never \def'ed. If you have
misspelled it (e.g., `\hobx'), type `I' and the correct
spelling (e.g., `I\hbox'). Otherwise just continue,
and I'll forget about whatever was undefined.

! Missing number, treated as zero.
<to be read again> 
                   \relax 
l.137 ...\Gost@ChapterIndent    {\GostTitleIndent}
                                                  
A number should have been here; I inserted `0'.
(If you can't figure out why I needed to see a number,
look up `weird error' in the index to The TeXbook.)

! Illegal unit of measure (pt inserted).
<to be read again> 
                   \relax 
l.137 ...\Gost@ChapterIndent    {\GostTitleIndent}
                                                  
Dimensions can be in units of em, ex, in, pt, pc,
cm, mm, dd, cc, nd, nc, bp, or sp; but yours is a new one!
I'll assume that you meant to say pt, for printer's points.
To recover gracefully from this error, it's best to
delete the erroneous units; e.g., type `2' to delete
two letters. (See Chapter 27 of The TeXbook.)

\Gost@MainChapterIndent=\skip47
\Gost@TitleDropSkip=\skip48
\c@chapter=\count83
\c@section=\count84
\c@subsection=\count85
\c@subsubsection=\count86
\NirTitleDropSkip=\skip49
(/usr/share/texmf-texlive/tex/latex/hyperref/hyperref.sty
Package: hyperref 2009/10/09 v6.79a Hypertext links for LaTeX

(/usr/share/texmf-texlive/tex/latex/graphics/keyval.sty
Package: keyval 1999/03/16 v1.13 key=value parser (DPC)
\KV@toks@=\toks14
)
(/usr/share/texmf-texlive/tex/generic/oberdiek/ifpdf.sty
Package: ifpdf 2009/04/10 v2.0 Provides the ifpdf switch (HO)
Package ifpdf Info: pdfTeX in pdf mode detected.
)
(/usr/share/texmf-texlive/tex/generic/oberdiek/ifvtex.sty
Package: ifvtex 2008/11/04 v1.4 Switches for detecting VTeX and its modes (HO)
Package ifvtex Info: VTeX not detected.
)
(/usr/share/texmf-texlive/tex/generic/ifxetex/ifxetex.sty
Package: ifxetex 2009/01/23 v0.5 Provides ifxetex conditional
)
(/usr/share/texmf-texlive/tex/latex/oberdiek/hycolor.sty
Package: hycolor 2009/10/02 v1.5 Code for color options of hyperref/bookmark (H
O)

(/usr/share/texmf-texlive/tex/latex/oberdiek/xcolor-patch.sty
Package: xcolor-patch 2009/10/02 xcolor patch
))
\@linkdim=\dimen102
\Hy@linkcounter=\count87
\Hy@pagecounter=\count88

(/usr/share/texmf-texlive/tex/latex/hyperref/pd1enc.def
File: pd1enc.def 2009/10/09 v6.79a Hyperref: PDFDocEncoding definition (HO)
)
(/usr/share/texmf-texlive/tex/generic/oberdiek/etexcmds.sty
Package: etexcmds 2007/12/12 v1.2 Prefix for e-TeX command names (HO)

(/usr/share/texmf-texlive/tex/generic/oberdiek/infwarerr.sty
Package: infwarerr 2007/09/09 v1.2 Providing info/warning/message (HO)
)
Package etexcmds Info: Could not find \expanded.
(etexcmds)             That can mean that you are not using pdfTeX 1.50 or
(etexcmds)             that some package has redefined \expanded.
(etexcmds)             In the latter case, load this package earlier.
)
(/usr/share/texmf-texlive/tex/latex/latexconfig/hyperref.cfg
File: hyperref.cfg 2002/06/06 v1.2 hyperref configuration of TeXLive
)
(/usr/share/texmf-texlive/tex/latex/oberdiek/kvoptions.sty
Package: kvoptions 2009/08/13 v3.4 Keyval support for LaTeX options (HO)

(/usr/share/texmf-texlive/tex/generic/oberdiek/kvsetkeys.sty
Package: kvsetkeys 2009/07/30 v1.5 Key value parser with default handler suppor
t (HO)
))
Package hyperref Info: Option `unicode' set `true' on input line 2864.

(/usr/share/texmf-texlive/tex/latex/hyperref/puenc.def
File: puenc.def 2009/10/09 v6.79a Hyperref: PDF Unicode definition (HO)
)
Package hyperref Info: Hyper figures OFF on input line 2975.
Package hyperref Info: Link nesting OFF on input line 2980.
Package hyperref Info: Hyper index ON on input line 2983.
Package hyperref Info: Plain pages OFF on input line 2990.
Package hyperref Info: Backreferencing OFF on input line 2995.

Implicit mode ON; LaTeX internals redefined
Package hyperref Info: Bookmarks ON on input line 3191.
(/usr/share/texmf-texlive/tex/latex/ltxmisc/url.sty
\Urlmuskip=\muskip10
Package: url 2006/04/12  ver 3.3  Verb mode for urls, etc.
)
LaTeX Info: Redefining \url on input line 3428.

(/usr/share/texmf-texlive/tex/generic/oberdiek/bitset.sty
Package: bitset 2007/09/28 v1.0 Data type bit set (HO)

(/usr/share/texmf-texlive/tex/generic/oberdiek/intcalc.sty
Package: intcalc 2007/09/27 v1.1 Expandable integer calculations (HO)
)
(/usr/share/texmf-texlive/tex/generic/oberdiek/bigintcalc.sty
Package: bigintcalc 2007/11/11 v1.1 Expandable big integer calculations (HO)

(/usr/share/texmf-texlive/tex/generic/oberdiek/pdftexcmds.sty
Package: pdftexcmds 2009/09/23 v0.6 LuaTeX support for pdfTeX utility functions
 (HO)

(/usr/share/texmf-texlive/tex/generic/oberdiek/ifluatex.sty
Package: ifluatex 2009/04/17 v1.2 Provides the ifluatex switch (HO)
Package ifluatex Info: LuaTeX not detected.
)
(/usr/share/texmf-texlive/tex/generic/oberdiek/ltxcmds.sty
Package: ltxcmds 2009/08/05 v1.0 Some LaTeX kernel commands for general use (HO
)
)
Package pdftexcmds Info: LuaTeX not detected.
Package pdftexcmds Info: \pdf@primitive is available.
Package pdftexcmds Info: \pdf@ifprimitive is available.
)))
\Fld@menulength=\count89
\Field@Width=\dimen103
\Fld@charsize=\dimen104
\Field@toks=\toks15
Package hyperref Info: Hyper figures OFF on input line 4377.
Package hyperref Info: Link nesting OFF on input line 4382.
Package hyperref Info: Hyper index ON on input line 4385.
Package hyperref Info: backreferencing OFF on input line 4392.
Package hyperref Info: Link coloring OFF on input line 4397.
Package hyperref Info: Link coloring with OCG OFF on input line 4402.
Package hyperref Info: PDF/A mode OFF on input line 4407.

(/usr/share/texmf-texlive/tex/generic/oberdiek/atbegshi.sty
Package: atbegshi 2008/07/31 v1.9 At begin shipout hook (HO)
)
\Hy@abspage=\count90
\c@Item=\count91
\c@Hfootnote=\count92
)
*hyperref using default driver hpdftex*
(/usr/share/texmf-texlive/tex/latex/hyperref/hpdftex.def
File: hpdftex.def 2009/10/09 v6.79a Hyperref driver for pdfTeX
\Fld@listcount=\count93
)
(/usr/share/texmf-texlive/tex/latex/t2/mathtext.sty
Package: mathtext 1999/01/28 v1.0 transparent text-and-math defs
LaTeX Info: Redefining \halign on input line 111.
)
(/usr/share/texmf-texlive/tex/latex/base/fontenc.sty
Package: fontenc 2005/09/27 v1.99g Standard LaTeX package

(/usr/share/texmf-texlive/tex/latex/cyrillic/t2aenc.def
File: t2aenc.def 2005/09/27 v1.0i Cyrillic encoding definition file
\symT2Aletters=\mathgroup4
)
LaTeX Font Info:    Try loading font information for T2A+cmr on input line 100.


(/usr/share/texmf-texlive/tex/latex/cyrillic/t2acmr.fd
File: t2acmr.fd 2001/08/11 v1.0a Computer Modern Cyrillic font definitions
))
(/usr/share/texmf-texlive/tex/latex/base/inputenc.sty
Package: inputenc 2008/03/30 v1.1d Input encoding file
\inpenc@prehook=\toks16
\inpenc@posthook=\toks17

(/usr/share/texmf-texlive/tex/latex/cyrillic/koi8-r.def
File: koi8-r.def 1999/11/16 v1.0d Input encoding file
))
(/usr/share/texmf-texlive/tex/generic/babel/babel.sty
Package: babel 2008/07/06 v3.8l The Babel package

(/usr/share/texmf-texlive/tex/generic/babel/english.ldf
Language: english 2005/03/30 v3.3o English support from the babel system

(/usr/share/texmf-texlive/tex/generic/babel/babel.def
File: babel.def 2008/07/06 v3.8l Babel common definitions
\babel@savecnt=\count94
\U@D=\dimen105
)
\l@british = a dialect from \language\l@english 
\l@UKenglish = a dialect from \language\l@english 
\l@canadian = a dialect from \language\l@american 
\l@australian = a dialect from \language\l@british 
\l@newzealand = a dialect from \language\l@british 
)
(/usr/share/texmf-texlive/tex/generic/babel/russianb.ldf
Language: russianb 2008/03/21 v1.1r Russian support from the babel system
Package babel Info: Making " an active character on input line 199.
LaTeX Font Info:    Overwriting symbol font `T2Aletters' in version `bold'
(Font)                  T2A/cmr/m/n --> T2A/cmr/bx/n on input line 283.
LaTeX Font Info:    Overwriting math alphabet `\cyrmathsf' in version `bold'
(Font)                  T2A/cmss/m/n --> T2A/cmss/bx/n on input line 283.
LaTeX Font Info:    Overwriting math alphabet `\cyrmathit' in version `bold'
(Font)                  T2A/cmr/m/it --> T2A/cmr/bx/it on input line 283.
))
(/usr/share/texmf-texlive/tex/latex/base/flafter.sty
Package: flafter 2000/07/23 v1.2i Standard LaTeX floats after reference (FMi)
)
\GostItemGap=\skip50
\GostItemIndent=\skip51

(/usr/share/texmf-texlive/tex/latex/amsfonts/amssymb.sty
Package: amssymb 2009/06/22 v3.00

(/usr/share/texmf-texlive/tex/latex/amsfonts/amsfonts.sty
Package: amsfonts 2009/06/22 v3.00 Basic AMSFonts support
\@emptytoks=\toks18
\symAMSa=\mathgroup5
\symAMSb=\mathgroup6
LaTeX Font Info:    Overwriting math alphabet `\mathfrak' in version `bold'
(Font)                  U/euf/m/n --> U/euf/b/n on input line 96.
))
(/usr/share/texmf-texlive/tex/latex/was/icomma.sty
Package: icomma 2002/03/10 v2.0 (WaS)
)
(/usr/share/texmf-texlive/tex/latex/base/leqno.clo
File: leqno.clo 1998/08/17 v1.1c Standard LaTeX option (left equation numbers)
)
\Gost@EqRemLen=\skip52
\Gost@@EqRemLen=\skip53

(/usr/share/texmf-texlive/tex/latex/caption/caption.sty
Package: caption 2009/10/09 v3.1k Customizing captions (AR)

(/usr/share/texmf-texlive/tex/latex/caption/caption3.sty
Package: caption3 2009/10/09 v3.1k caption3 kernel (AR)
\captionmargin=\dimen106
\captionmargin@=\dimen107
\captionwidth=\dimen108
\caption@indent=\dimen109
\caption@parindent=\dimen110
\caption@hangindent=\dimen111
\abovecaptionskip=\skip54
\belowcaptionskip=\skip55
Package caption Info: Unknown document class (or package),
(caption)             standard defaults will be used on input line 1068.
)

Package caption Warning: Unsupported document class (or package) detected,
(caption)                usage of the caption package is not recommended.
See the caption package documentation for explanation.

Package caption Info: \@makecaption = \long macro:->.
\c@ContinuedFloat=\count95
Package caption Info: hyperref package is loaded.
)
\c@figure=\count96
 (/usr/share/texmf-texlive/tex/latex/tools/longtable.sty
Package: longtable 2004/02/01 v4.11 Multi-page Table package (DPC)
\LTleft=\skip56
\LTright=\skip57
\LTpre=\skip58
\LTpost=\skip59
\LTchunksize=\count97
\LTcapwidth=\dimen112
\LT@head=\box26
\LT@firsthead=\box27
\LT@foot=\box28
\LT@lastfoot=\box29
\LT@cols=\count98
\LT@rows=\count99
\c@LT@tables=\count100
\c@LT@chunks=\count101
\c@table=\count102
\LT@p@ftn=\toks19
)

! LaTeX Error: \appendixname undefined.

See the LaTeX manual or LaTeX Companion for explanation.
Type  H <return>  for immediate help.
 ...                                              
                                                  
l.383 \renewcommand{\appendixname}
                                  {Приложение}
Try typing  <return>  to proceed.
If that doesn't work, type  X <return>  to quit.

(/usr/share/texmf-texlive/tex/latex/footmisc/footmisc.sty
Package: footmisc 2009/09/15 v5.5a a miscellany of footnote facilities
\FN@temptoken=\toks20
\footnotemargin=\dimen113
\c@pp@next@reset=\count103
\c@@fnserial=\count104
Package footmisc Info: Declaring symbol style bringhurst on input line 855.
Package footmisc Info: Declaring symbol style chicago on input line 863.
Package footmisc Info: Declaring symbol style wiley on input line 872.
Package footmisc Info: Declaring symbol style lamport-robust on input line 883.

Package footmisc Info: Declaring symbol style lamport* on input line 903.
Package footmisc Info: Declaring symbol style lamport*-robust on input line 924
.
)
\bibindent=\dimen114
)
(/usr/share/texmf-texlive/tex/latex/geometry/geometry.sty
Package: geometry 2008/12/21 v4.2 Page Geometry
\Gm@cnth=\count105
\Gm@cntv=\count106
\c@Gm@tempcnt=\count107
\Gm@bindingoffset=\dimen115
\Gm@wd@mp=\dimen116
\Gm@odd@mp=\dimen117
\Gm@even@mp=\dimen118
\Gm@dimlist=\toks21
) (./G7-32.sty
Package: G7-32 2003/07/07 v1.00 Titles for GOST 7.32-2001
))
(/usr/share/texmf-texlive/tex/latex/base/fontenc.sty
Package: fontenc 2005/09/27 v1.99g Standard LaTeX package

(/usr/share/texmf-texlive/tex/latex/cyrillic/t2aenc.def
File: t2aenc.def 2005/09/27 v1.0i Cyrillic encoding definition file
LaTeX Font Info:    Redeclaring font encoding T2A on input line 38.
LaTeX Font Info:    Redeclaring symbol font `T2Aletters' on input line 38.
LaTeX Font Info:    Overwriting symbol font `T2Aletters' in version `normal'
(Font)                  T2A/cmr/m/n --> T2A/cmr/m/n on input line 38.
LaTeX Font Info:    Overwriting symbol font `T2Aletters' in version `bold'
(Font)                  T2A/cmr/bx/n --> T2A/cmr/m/n on input line 38.
LaTeX Font Info:    Redeclaring math symbol \T2Amath\textendash on input line 7
0.
LaTeX Font Info:    Redeclaring math symbol \T2Amath\cyrdash on input line 71.
LaTeX Font Info:    Redeclaring math symbol \T2Amath\textemdash on input line 7
2.
LaTeX Font Info:    Redeclaring math symbol \T2Amath\textcompwordmark on input 
line 73.
LaTeX Font Info:    Redeclaring math symbol \T2Amath\textvisiblespace on input 
line 74.
LaTeX Font Info:    Redeclaring math symbol \T2Amath\textdollar on input line 7
5.
LaTeX Font Info:    Redeclaring math symbol \T2Amath\textless on input line 76.

LaTeX Font Info:    Redeclaring math symbol \T2Amath\textgreater on input line 
77.
LaTeX Font Info:    Redeclaring math symbol \T2Amath\textbackslash on input lin
e 78.
LaTeX Font Info:    Redeclaring math symbol \T2Amath\textasciicircum on input l
ine 79.
LaTeX Font Info:    Redeclaring math symbol \T2Amath\textunderscore on input li
ne 80.
LaTeX Font Info:    Redeclaring math symbol \T2Amath\textbraceleft on input lin
e 81.
LaTeX Font Info:    Redeclaring math symbol \T2Amath\textbar on input line 82.
LaTeX Font Info:    Redeclaring math symbol \T2Amath\textbraceright on input li
ne 83.
LaTeX Font Info:    Redeclaring math symbol \T2Amath\textasciitilde on input li
ne 84.
LaTeX Font Info:    Redeclaring math symbol \T2Amath\textnumero on input line 8
5.
LaTeX Font Info:    Redeclaring math symbol \T2Amath\textcurrency on input line
 86.
LaTeX Font Info:    Redeclaring math symbol \T2Amath\textsection on input line 
87.
LaTeX Font Info:    Redeclaring math symbol \T2Amath\textquotedbl on input line
 88.
LaTeX Font Info:    Redeclaring math symbol \T2Amath\textquoteleft on input lin
e 89.
LaTeX Font Info:    Redeclaring math symbol \T2Amath\textquoteright on input li
ne 90.
LaTeX Font Info:    Redeclaring math symbol \T2Amath\textquotedblleft on input 
line 91.
LaTeX Font Info:    Redeclaring math symbol \T2Amath\textquotedblright on input
 line 92.
LaTeX Font Info:    Redeclaring math symbol \T2Amath\quotedblbase on input line
 93.
LaTeX Font Info:    Redeclaring math symbol \T2Amath\CYRpalochka on input line 
94.
LaTeX Font Info:    Redeclaring math symbol \T2Amath\cyrlangle on input line 95
.
LaTeX Font Info:    Redeclaring math symbol \T2Amath\cyrrangle on input line 96
.
LaTeX Font Info:    Redeclaring math symbol \T2Amath\guillemotleft on input lin
e 97.
LaTeX Font Info:    Redeclaring math symbol \T2Amath\guillemotright on input li
ne 98.
LaTeX Font Info:    Redeclaring math symbol \T2Amath\i on input line 99.
LaTeX Font Info:    Redeclaring math symbol \T2Amath\j on input line 100.
LaTeX Font Info:    Redeclaring math symbol \T2Amath\CYRA on input line 102.
LaTeX Font Info:    Redeclaring math symbol \T2Amath\cyra on input line 103.
LaTeX Font Info:    Redeclaring math symbol \T2Amath\CYRB on input line 104.
LaTeX Font Info:    Redeclaring math symbol \T2Amath\cyrb on input line 105.
LaTeX Font Info:    Redeclaring math symbol \T2Amath\CYRV on input line 106.
LaTeX Font Info:    Redeclaring math symbol \T2Amath\cyrv on input line 107.
LaTeX Font Info:    Redeclaring math symbol \T2Amath\CYRG on input line 108.
LaTeX Font Info:    Redeclaring math symbol \T2Amath\cyrg on input line 109.
LaTeX Font Info:    Redeclaring math symbol \T2Amath\CYRD on input line 110.
LaTeX Font Info:    Redeclaring math symbol \T2Amath\cyrd on input line 111.
LaTeX Font Info:    Redeclaring math symbol \T2Amath\CYRE on input line 112.
LaTeX Font Info:    Redeclaring math symbol \T2Amath\cyre on input line 113.
LaTeX Font Info:    Redeclaring math symbol \T2Amath\CYRZH on input line 114.
LaTeX Font Info:    Redeclaring math symbol \T2Amath\cyrzh on input line 115.
LaTeX Font Info:    Redeclaring math symbol \T2Amath\CYRZ on input line 116.
LaTeX Font Info:    Redeclaring math symbol \T2Amath\cyrz on input line 117.
LaTeX Font Info:    Redeclaring math symbol \T2Amath\CYRI on input line 118.
LaTeX Font Info:    Redeclaring math symbol \T2Amath\cyri on input line 119.
LaTeX Font Info:    Redeclaring math symbol \T2Amath\CYRISHRT on input line 120
.
LaTeX Font Info:    Redeclaring math symbol \T2Amath\cyrishrt on input line 121
.
LaTeX Font Info:    Redeclaring math symbol \T2Amath\CYRK on input line 122.
LaTeX Font Info:    Redeclaring math symbol \T2Amath\cyrk on input line 123.
LaTeX Font Info:    Redeclaring math symbol \T2Amath\CYRL on input line 124.
LaTeX Font Info:    Redeclaring math symbol \T2Amath\cyrl on input line 125.
LaTeX Font Info:    Redeclaring math symbol \T2Amath\CYRM on input line 126.
LaTeX Font Info:    Redeclaring math symbol \T2Amath\cyrm on input line 127.
LaTeX Font Info:    Redeclaring math symbol \T2Amath\CYRN on input line 128.
LaTeX Font Info:    Redeclaring math symbol \T2Amath\cyrn on input line 129.
LaTeX Font Info:    Redeclaring math symbol \T2Amath\CYRO on input line 130.
LaTeX Font Info:    Redeclaring math symbol \T2Amath\cyro on input line 131.
LaTeX Font Info:    Redeclaring math symbol \T2Amath\CYRP on input line 132.
LaTeX Font Info:    Redeclaring math symbol \T2Amath\cyrp on input line 133.
LaTeX Font Info:    Redeclaring math symbol \T2Amath\CYRR on input line 134.
LaTeX Font Info:    Redeclaring math symbol \T2Amath\cyrr on input line 135.
LaTeX Font Info:    Redeclaring math symbol \T2Amath\CYRS on input line 136.
LaTeX Font Info:    Redeclaring math symbol \T2Amath\cyrs on input line 137.
LaTeX Font Info:    Redeclaring math symbol \T2Amath\CYRT on input line 138.
LaTeX Font Info:    Redeclaring math symbol \T2Amath\cyrt on input line 139.
LaTeX Font Info:    Redeclaring math symbol \T2Amath\CYRU on input line 140.
LaTeX Font Info:    Redeclaring math symbol \T2Amath\cyru on input line 141.
LaTeX Font Info:    Redeclaring math symbol \T2Amath\CYRF on input line 142.
LaTeX Font Info:    Redeclaring math symbol \T2Amath\cyrf on input line 143.
LaTeX Font Info:    Redeclaring math symbol \T2Amath\CYRH on input line 144.
LaTeX Font Info:    Redeclaring math symbol \T2Amath\cyrh on input line 145.
LaTeX Font Info:    Redeclaring math symbol \T2Amath\CYRC on input line 146.
LaTeX Font Info:    Redeclaring math symbol \T2Amath\cyrc on input line 147.
LaTeX Font Info:    Redeclaring math symbol \T2Amath\CYRCH on input line 148.
LaTeX Font Info:    Redeclaring math symbol \T2Amath\cyrch on input line 149.
LaTeX Font Info:    Redeclaring math symbol \T2Amath\CYRSH on input line 150.
LaTeX Font Info:    Redeclaring math symbol \T2Amath\cyrsh on input line 151.
LaTeX Font Info:    Redeclaring math symbol \T2Amath\CYRSHCH on input line 152.

LaTeX Font Info:    Redeclaring math symbol \T2Amath\cyrshch on input line 153.

LaTeX Font Info:    Redeclaring math symbol \T2Amath\CYRHRDSN on input line 154
.
LaTeX Font Info:    Redeclaring math symbol \T2Amath\cyrhrdsn on input line 155
.
LaTeX Font Info:    Redeclaring math symbol \T2Amath\CYRERY on input line 156.
LaTeX Font Info:    Redeclaring math symbol \T2Amath\cyrery on input line 157.
LaTeX Font Info:    Redeclaring math symbol \T2Amath\CYRSFTSN on input line 158
.
LaTeX Font Info:    Redeclaring math symbol \T2Amath\cyrsftsn on input line 159
.
LaTeX Font Info:    Redeclaring math symbol \T2Amath\CYREREV on input line 160.

LaTeX Font Info:    Redeclaring math symbol \T2Amath\cyrerev on input line 161.

LaTeX Font Info:    Redeclaring math symbol \T2Amath\CYRYU on input line 162.
LaTeX Font Info:    Redeclaring math symbol \T2Amath\cyryu on input line 163.
LaTeX Font Info:    Redeclaring math symbol \T2Amath\CYRYA on input line 164.
LaTeX Font Info:    Redeclaring math symbol \T2Amath\cyrya on input line 165.
LaTeX Font Info:    Redeclaring math symbol \T2Amath\CYRGUP on input line 166.
LaTeX Font Info:    Redeclaring math symbol \T2Amath\cyrgup on input line 167.
LaTeX Font Info:    Redeclaring math symbol \T2Amath\CYRGHCRS on input line 168
.
LaTeX Font Info:    Redeclaring math symbol \T2Amath\cyrghcrs on input line 169
.
LaTeX Font Info:    Redeclaring math symbol \T2Amath\CYRDJE on input line 170.
LaTeX Font Info:    Redeclaring math symbol \T2Amath\cyrdje on input line 171.
LaTeX Font Info:    Redeclaring math symbol \T2Amath\CYRTSHE on input line 172.

LaTeX Font Info:    Redeclaring math symbol \T2Amath\cyrtshe on input line 173.

LaTeX Font Info:    Redeclaring math symbol \T2Amath\CYRSHHA on input line 174.

LaTeX Font Info:    Redeclaring math symbol \T2Amath\cyrshha on input line 175.

LaTeX Font Info:    Redeclaring math symbol \T2Amath\CYRZHDSC on input line 176
.
LaTeX Font Info:    Redeclaring math symbol \T2Amath\cyrzhdsc on input line 177
.
LaTeX Font Info:    Redeclaring math symbol \T2Amath\CYRZDSC on input line 178.

LaTeX Font Info:    Redeclaring math symbol \T2Amath\cyrzdsc on input line 179.

LaTeX Font Info:    Redeclaring math symbol \T2Amath\CYRLJE on input line 180.
LaTeX Font Info:    Redeclaring math symbol \T2Amath\cyrlje on input line 181.
LaTeX Font Info:    Redeclaring math symbol \T2Amath\CYRYI on input line 182.
LaTeX Font Info:    Redeclaring math symbol \T2Amath\cyryi on input line 183.
LaTeX Font Info:    Redeclaring math symbol \T2Amath\CYRKDSC on input line 184.

LaTeX Font Info:    Redeclaring math symbol \T2Amath\cyrkdsc on input line 185.

LaTeX Font Info:    Redeclaring math symbol \T2Amath\CYRKBEAK on input line 186
.
LaTeX Font Info:    Redeclaring math symbol \T2Amath\cyrkbeak on input line 187
.
LaTeX Font Info:    Redeclaring math symbol \T2Amath\CYRKVCRS on input line 188
.
LaTeX Font Info:    Redeclaring math symbol \T2Amath\cyrkvcrs on input line 189
.
LaTeX Font Info:    Redeclaring math symbol \T2Amath\CYRAE on input line 190.
LaTeX Font Info:    Redeclaring math symbol \T2Amath\cyrae on input line 191.
LaTeX Font Info:    Redeclaring math symbol \T2Amath\CYRNDSC on input line 192.

LaTeX Font Info:    Redeclaring math symbol \T2Amath\cyrndsc on input line 193.

LaTeX Font Info:    Redeclaring math symbol \T2Amath\CYRNG on input line 194.
LaTeX Font Info:    Redeclaring math symbol \T2Amath\cyrng on input line 195.
LaTeX Font Info:    Redeclaring math symbol \T2Amath\CYRDZE on input line 196.
LaTeX Font Info:    Redeclaring math symbol \T2Amath\cyrdze on input line 197.
LaTeX Font Info:    Redeclaring math symbol \T2Amath\CYROTLD on input line 198.

LaTeX Font Info:    Redeclaring math symbol \T2Amath\cyrotld on input line 199.

LaTeX Font Info:    Redeclaring math symbol \T2Amath\CYRSDSC on input line 200.

LaTeX Font Info:    Redeclaring math symbol \T2Amath\cyrsdsc on input line 201.

LaTeX Font Info:    Redeclaring math symbol \T2Amath\CYRUSHRT on input line 202
.
LaTeX Font Info:    Redeclaring math symbol \T2Amath\cyrushrt on input line 203
.
LaTeX Font Info:    Redeclaring math symbol \T2Amath\CYRY on input line 204.
LaTeX Font Info:    Redeclaring math symbol \T2Amath\cyry on input line 205.
LaTeX Font Info:    Redeclaring math symbol \T2Amath\CYRYHCRS on input line 206
.
LaTeX Font Info:    Redeclaring math symbol \T2Amath\cyryhcrs on input line 207
.
LaTeX Font Info:    Redeclaring math symbol \T2Amath\CYRHDSC on input line 208.

LaTeX Font Info:    Redeclaring math symbol \T2Amath\cyrhdsc on input line 209.

LaTeX Font Info:    Redeclaring math symbol \T2Amath\CYRDZHE on input line 210.

LaTeX Font Info:    Redeclaring math symbol \T2Amath\cyrdzhe on input line 211.

LaTeX Font Info:    Redeclaring math symbol \T2Amath\CYRCHVCRS on input line 21
2.
LaTeX Font Info:    Redeclaring math symbol \T2Amath\cyrchvcrs on input line 21
3.
LaTeX Font Info:    Redeclaring math symbol \T2Amath\CYRCHRDSC on input line 21
4.
LaTeX Font Info:    Redeclaring math symbol \T2Amath\cyrchrdsc on input line 21
5.
LaTeX Font Info:    Redeclaring math symbol \T2Amath\CYRIE on input line 216.
LaTeX Font Info:    Redeclaring math symbol \T2Amath\cyrie on input line 217.
LaTeX Font Info:    Redeclaring math symbol \T2Amath\CYRSCHWA on input line 218
.
LaTeX Font Info:    Redeclaring math symbol \T2Amath\cyrschwa on input line 219
.
LaTeX Font Info:    Redeclaring math symbol \T2Amath\CYRNJE on input line 220.
LaTeX Font Info:    Redeclaring math symbol \T2Amath\cyrnje on input line 221.
LaTeX Font Info:    Redeclaring math symbol \T2Amath\CYRYO on input line 222.
LaTeX Font Info:    Redeclaring math symbol \T2Amath\cyryo on input line 223.
LaTeX Font Info:    Redeclaring math symbol \T2Amath\CYRII on input line 224.
LaTeX Font Info:    Redeclaring math symbol \T2Amath\cyrii on input line 225.
LaTeX Font Info:    Redeclaring math symbol \T2Amath\CYRJE on input line 226.
LaTeX Font Info:    Redeclaring math symbol \T2Amath\cyrje on input line 227.
LaTeX Font Info:    Redeclaring math symbol \T2Amath\CYRQ on input line 228.
LaTeX Font Info:    Redeclaring math symbol \T2Amath\cyrq on input line 229.
LaTeX Font Info:    Redeclaring math symbol \T2Amath\CYRW on input line 230.
LaTeX Font Info:    Redeclaring math symbol \T2Amath\cyrw on input line 231.
))

! LaTeX Error: Option clash for package inputenc.

See the LaTeX manual or LaTeX Companion for explanation.
Type  H <return>  for immediate help.
 ...                                              
                                                  
l.4 \usepackage
               [english,russian]{babel} %% я█я┌п╬ п╫п╣п╬п╠я┘п╬п╢п╦п╪п╬ п╢п╩я...

The package inputenc has already been loaded with options:
  [koi8-r]
There has now been an attempt to load it with options
  [utf8x]
Adding the global options:
  koi8-r,utf8x
to your \documentclass declaration may fix this.
Try typing  <return>  to proceed.

(/usr/share/texmf-texlive/tex/latex/float/float.sty
Package: float 2001/11/08 v1.3d Float enhancements (AL)
\c@float@type=\count108
\float@exts=\toks22
\float@box=\box30
\@float@everytoks=\toks23
\@floatcapt=\box31
)
(/usr/share/texmf-texlive/tex/latex/graphics/graphicx.sty
Package: graphicx 1999/02/16 v1.0f Enhanced LaTeX Graphics (DPC,SPQR)

(/usr/share/texmf-texlive/tex/latex/graphics/graphics.sty
Package: graphics 2009/02/05 v1.0o Standard LaTeX Graphics (DPC,SPQR)

(/usr/share/texmf-texlive/tex/latex/graphics/trig.sty
Package: trig 1999/03/16 v1.09 sin cos tan (DPC)
)
(/etc/texmf/tex/latex/config/graphics.cfg
File: graphics.cfg 2009/08/28 v1.8 graphics configuration of TeX Live
)
Package graphics Info: Driver file: pdftex.def on input line 91.

(/usr/share/texmf-texlive/tex/latex/pdftex-def/pdftex.def
File: pdftex.def 2010/03/12 v0.04p Graphics/color for pdfTeX
\Gread@gobject=\count109
))
\Gin@req@height=\dimen119
\Gin@req@width=\dimen120
)
(/usr/share/texmf-texlive/tex/latex/tools/array.sty
Package: array 2008/09/09 v2.4c Tabular extension package (FMi)
\col@sep=\dimen121
\extrarowheight=\dimen122
\NC@list=\toks24
\extratabsurround=\skip60
\backup@length=\skip61
)

LaTeX Warning: Unused global option(s):
    [utf8x].

(./diploma.aux)
\openout1 = `diploma.aux'.

LaTeX Font Info:    Checking defaults for OML/cmm/m/it on input line 21.
LaTeX Font Info:    ... okay on input line 21.
LaTeX Font Info:    Checking defaults for T1/cmr/m/n on input line 21.
LaTeX Font Info:    ... okay on input line 21.
LaTeX Font Info:    Checking defaults for OT1/cmr/m/n on input line 21.
LaTeX Font Info:    ... okay on input line 21.
LaTeX Font Info:    Checking defaults for OMS/cmsy/m/n on input line 21.
LaTeX Font Info:    ... okay on input line 21.
LaTeX Font Info:    Checking defaults for OMX/cmex/m/n on input line 21.
LaTeX Font Info:    ... okay on input line 21.
LaTeX Font Info:    Checking defaults for U/cmr/m/n on input line 21.
LaTeX Font Info:    ... okay on input line 21.
LaTeX Font Info:    Checking defaults for PD1/pdf/m/n on input line 21.
LaTeX Font Info:    ... okay on input line 21.
LaTeX Font Info:    Checking defaults for PU/pdf/m/n on input line 21.
LaTeX Font Info:    ... okay on input line 21.
LaTeX Font Info:    Checking defaults for T2A/cmr/m/n on input line 21.
LaTeX Font Info:    ... okay on input line 21.
Package hyperref Info: Link coloring OFF on input line 21.
 (/usr/share/texmf-texlive/tex/latex/hyperref/nameref.sty
Package: nameref 2007/05/29 v2.31 Cross-referencing by name of section

(/usr/share/texmf-texlive/tex/latex/oberdiek/refcount.sty
Package: refcount 2008/08/11 v3.1 Data extraction from references (HO)
)
\c@section@level=\count110
)
LaTeX Info: Redefining \ref on input line 21.
LaTeX Info: Redefining \pageref on input line 21.
 (./diploma.out)
(./diploma.out)
\@outlinefile=\write3
\openout3 = `diploma.out'.

\AtBeginShipoutBox=\box32
Package caption Info: Begin \AtBeginDocument code.
Package caption Info: float package is loaded.
Package caption Info: longtable package is loaded.
 (/usr/share/texmf-texlive/tex/latex/caption/ltcaption.sty
Package: ltcaption 2008/03/28 v1.2 longtable captions (AR)
)
Package caption Info: End \AtBeginDocument code.

*geometry auto-detecting driver*
*geometry detected driver: pdftex*
-------------------- Geometry parameters
paper: class default
landscape: --
twocolumn: --
twoside: --
asymmetric: --
h-parts: 56.9055pt, 512.14963pt, 28.45274pt
v-parts: 56.9055pt, 731.23584pt, 56.9055pt
hmarginratio: --
vmarginratio: --
lines: --
heightrounded: --
bindingoffset: 0.0pt
truedimen: --
includehead: --
includefoot: --
includemp: --
driver: pdftex
-------------------- Page layout dimensions and switches
\paperwidth  597.50787pt
\paperheight 845.04684pt
\textwidth  512.14963pt
\textheight 731.23584pt
\oddsidemargin  -15.36449pt
\evensidemargin -15.36449pt
\topmargin  -29.36449pt
\headheight 14.0pt
\headsep    0.0pt
\footskip   30.0pt
\marginparwidth 15.0pt
\marginparsep   10.0pt
\columnsep  10.0pt
\skip\footins  12.0pt plus 4.0pt minus 2.0pt
\hoffset 0.0pt
\voffset 0.0pt
\mag 1000

(1in=72.27pt, 1cm=28.45pt)
-----------------------
(/usr/share/texmf-texlive/tex/context/base/supp-pdf.mkii
[Loading MPS to PDF converter (version 2006.09.02).]
\scratchcounter=\count111
\scratchdimen=\dimen123
\scratchbox=\box33
\nofMPsegments=\count112
\nofMParguments=\count113
\everyMPshowfont=\toks25
\MPscratchCnt=\count114
\MPscratchDim=\dimen124
\MPnumerator=\count115
\everyMPtoPDFconversion=\toks26
) (./diploma.toc
LaTeX Font Info:    Try loading font information for U+msa on input line 2.
 (/usr/share/texmf-texlive/tex/latex/amsfonts/umsa.fd
File: umsa.fd 2009/06/22 v3.00 AMS symbols A
)
LaTeX Font Info:    Try loading font information for U+msb on input line 2.

(/usr/share/texmf-texlive/tex/latex/amsfonts/umsb.fd
File: umsb.fd 2009/06/22 v3.00 AMS symbols B
)
Underfull \hbox (badness 2189) in paragraph at lines 2--2
 [][] [][]\T2A/cmr/m/n/14.4 ПЮАНРЮ ²1. гМЮ^^?ЙНЛ^^?ЯРБН ЯН ЯПЕ^^?ДНИ ПЮГ^^?ПЮ^^
?АНР^^?ЙХ IAR Embedded 
 []

)
\tf@toc=\write4
\openout4 = `diploma.toc'.

 (./lab1/lab1.tex [3


{/var/lib/texmf/fonts/map/pdftex/updmap/pdftex.map}]
! Undefined control sequence.
<argument> \hskip \GostTitleIndent 
                                   \relax \@svsec 
l.8 \section{Обзор платы STM32L-Discovery}
                                          
The control sequence at the end of the top line
of your error message was never \def'ed. If you have
misspelled it (e.g., `\hobx'), type `I' and the correct
spelling (e.g., `I\hbox'). Otherwise just continue,
and I'll forget about whatever was undefined.

! Missing number, treated as zero.
<to be read again> 
                   \relax 
l.8 \section{Обзор платы STM32L-Discovery}
                                          
A number should have been here; I inserted `0'.
(If you can't figure out why I needed to see a number,
look up `weird error' in the index to The TeXbook.)

! Illegal unit of measure (pt inserted).
<to be read again> 
                   \relax 
l.8 \section{Обзор платы STM32L-Discovery}
                                          
Dimensions can be in units of em, ex, in, pt, pc,
cm, mm, dd, cc, nd, nc, bp, or sp; but yours is a new one!
I'll assume that you meant to say pt, for printer's points.
To recover gracefully from this error, it's best to
delete the erroneous units; e.g., type `2' to delete
two letters. (See Chapter 27 of The TeXbook.)


LaTeX Warning: Citation `UserManual' on page 4 undefined on input line 9.

[4

]
! Undefined control sequence.
<argument> \hskip \GostTitleIndent 
                                   \relax \@svsec 
l.36 \section{Общие сведения о ядре Cortex}
                                           
The control sequence at the end of the top line
of your error message was never \def'ed. If you have
misspelled it (e.g., `\hobx'), type `I' and the correct
spelling (e.g., `I\hbox'). Otherwise just continue,
and I'll forget about whatever was undefined.

! Missing number, treated as zero.
<to be read again> 
                   \relax 
l.36 \section{Общие сведения о ядре Cortex}
                                           
A number should have been here; I inserted `0'.
(If you can't figure out why I needed to see a number,
look up `weird error' in the index to The TeXbook.)

! Illegal unit of measure (pt inserted).
<to be read again> 
                   \relax 
l.36 \section{Общие сведения о ядре Cortex}
                                           
Dimensions can be in units of em, ex, in, pt, pc,
cm, mm, dd, cc, nd, nc, bp, or sp; but yours is a new one!
I'll assume that you meant to say pt, for printer's points.
To recover gracefully from this error, it's best to
delete the erroneous units; e.g., type `2' to delete
two letters. (See Chapter 27 of The TeXbook.)

[5]

! LaTeX Error: There's no line here to end.

See the LaTeX manual or LaTeX Companion for explanation.
Type  H <return>  for immediate help.
 ...                                              
                                                  
l.57 C
      MSIS доступен на сайте производителя микроконтроллеров.
Your command was ignored.
Type  I <command> <return>  to replace it with another command,
or  <return>  to continue without it.

! Undefined control sequence.
<argument> \hskip \GostTitleIndent 
                                   \relax \@svsec 
l.60 \section{Создание проекта в IAR}
                                     
The control sequence at the end of the top line
of your error message was never \def'ed. If you have
misspelled it (e.g., `\hobx'), type `I' and the correct
spelling (e.g., `I\hbox'). Otherwise just continue,
and I'll forget about whatever was undefined.

! Missing number, treated as zero.
<to be read again> 
                   \relax 
l.60 \section{Создание проекта в IAR}
                                     
A number should have been here; I inserted `0'.
(If you can't figure out why I needed to see a number,
look up `weird error' in the index to The TeXbook.)

! Illegal unit of measure (pt inserted).
<to be read again> 
                   \relax 
l.60 \section{Создание проекта в IAR}
                                     
Dimensions can be in units of em, ex, in, pt, pc,
cm, mm, dd, cc, nd, nc, bp, or sp; but yours is a new one!
I'll assume that you meant to say pt, for printer's points.
To recover gracefully from this error, it's best to
delete the erroneous units; e.g., type `2' to delete
two letters. (See Chapter 27 of The TeXbook.)


LaTeX Warning: Citation `ide' on page 6 undefined on input line 62.

<Image/4_1.jpg, id=60, 814.04124pt x 585.18625pt>
File: Image/4_1.jpg Graphic file (type jpg)
 <use Image/4_1.jpg>

LaTeX Warning: `!h' float specifier changed to `!ht'.


LaTeX Warning: Citation `kernigan' on page 6 undefined on input line 75.

LaTeX Font Info:    Try loading font information for T2A+cmtt on input line 77.

(/usr/share/texmf-texlive/tex/latex/cyrillic/t2acmtt.fd
File: t2acmtt.fd 2001/08/11 v1.0a Computer Modern Cyrillic font definitions
)
<Image/5.jpg, id=61, 399.4925pt x 337.26pt>
File: Image/5.jpg Graphic file (type jpg)
 <use Image/5.jpg>

LaTeX Warning: `!h' float specifier changed to `!ht'.

[6] <Image/6.jpg, id=70, 814.04124pt x 557.08125pt>
File: Image/6.jpg Graphic file (type jpg)
 <use Image/6.jpg>

LaTeX Warning: `!h' float specifier changed to `!ht'.


Underfull \hbox (badness 8151) in paragraph at lines 104--105
[]\T2A/cmr/m/n/14.4 дНАЮБЭРЕ Б ЯН^^?ГДЮМ^^?МШЕ ОЮО^^?ЙХ ТЮИ^^?КШ АХА^^?КХН^^?РЕ
Й \T2A/cmr/m/it/14.4 stm32l1xx_gpio.h,
 []

<Image/7.jpg, id=71, 773.89125pt x 537.00626pt>
File: Image/7.jpg Graphic file (type jpg)
 <use Image/7.jpg>

LaTeX Warning: `!h' float specifier changed to `!ht'.

<Image/8.jpg, id=72, 773.89125pt x 537.00626pt>
File: Image/8.jpg Graphic file (type jpg)
 <use Image/8.jpg> [7 <./Image/4_1.jpg> <./Image/5.jpg>]

LaTeX Warning: `!h' float specifier changed to `!ht'.

[8 <./Image/6.jpg> <./Image/7.jpg>] <Image/9.jpg, id=85, 803.0pt x 548.0475pt>
File: Image/9.jpg Graphic file (type jpg)

<use Image/9.jpg> [9 <./Image/8.jpg> <./Image/9.jpg>]
<Image/10.jpg, id=93, 540.0175pt x 501.875pt>
File: Image/10.jpg Graphic file (type jpg)
 <use Image/10.jpg>

LaTeX Warning: Citation `easyiar' on page 10 undefined on input line 146.

<Image/11.jpg, id=94, 542.025pt x 504.88625pt>
File: Image/11.jpg Graphic file (type jpg)
 <use Image/11.jpg> [10 <./Image/10.jpg>]
Underfull \hbox (badness 1642) in paragraph at lines 163--164
[]\T2A/cmr/m/n/14.4 оН СЛНК^^?ВЮ^^?МХЧ IAR ЦЕ^^?МЕ^^?ПХ^^?ПС^^?ЕР ХЯ^^?ОНК^^?МЪ
^^?Е^^?ЛШИ ТЮИК Б ТНП^^?ЛЮ^^?РЕ \T2A/cmr/m/it/14.4 ELF
 []

<Image/12.jpg, id=100, 588.1975pt x 504.88625pt>
File: Image/12.jpg Graphic file (type jpg)
 <use Image/12.jpg>
<Image/13.jpg, id=101, 542.025pt x 504.88625pt>
File: Image/13.jpg Graphic file (type jpg)
 <use Image/13.jpg> [11 <./Image/11.jpg> <./Image/12.jpg>]

LaTeX Warning: Citation `getstart' on page 12 undefined on input line 182.

<Image/14.jpg, id=108, 347.2975pt x 194.7275pt>
File: Image/14.jpg Graphic file (type jpg)
 <use Image/14.jpg> [12 <./Image/13.jpg> <./Image/14.jpg>]

! LaTeX Error: There's no line here to end.

See the LaTeX manual or LaTeX Companion for explanation.
Type  H <return>  for immediate help.
 ...                                              
                                                  
l.197 В
        микроконтроллере STM32L152RB 128 КБ Flash памяти, 16 КБ RAM.
Your command was ignored.
Type  I <command> <return>  to replace it with another command,
or  <return>  to continue without it.


! LaTeX Error: There's no line here to end.

See the LaTeX manual or LaTeX Companion for explanation.
Type  H <return>  for immediate help.
 ...                                              
                                                  
l.203 R
       AM память начинается с адреса 0x20000000. Адрес окончания рассчитывае...

Your command was ignored.
Type  I <command> <return>  to replace it with another command,
or  <return>  to continue without it.

! Missing $ inserted.
<inserted text> 
                $
l.205 ...адрес 0x20004000, т.е. 0x20003FFF+1_{16}}
                                                  \]
I've inserted a begin-math/end-math symbol since I think
you left one out. Proceed, with fingers crossed.

! Extra }, or forgotten $.
\@footnotetext ...rut \strutbox }\color@endgroup }
                                                  \FN@mf@prepare 
l.205 ...адрес 0x20004000, т.е. 0x20003FFF+1_{16}}
                                                  \]
I've deleted a group-closing symbol because it seems to be
spurious, as in `$x}$'. But perhaps the } is legitimate and
you forgot something else, as in `\hbox{$x}'. In such cases
the way to recover is to insert both the forgotten and the
deleted material, e.g., by typing `I$}'.


! LaTeX Error: Bad math environment delimiter.

See the LaTeX manual or LaTeX Companion for explanation.
Type  H <return>  for immediate help.
 ...                                              
                                                  
l.205 ...рес 0x20004000, т.е. 0x20003FFF+1_{16}}\]
                                                  
Your command was ignored.
Type  I <command> <return>  to replace it with another command,
or  <return>  to continue without it.

! Missing $ inserted.
<inserted text> 
                $
l.206 
      
I've inserted a begin-math/end-math symbol since I think
you left one out. Proceed, with fingers crossed.

! Missing } inserted.
<inserted text> 
                }
l.207 \end{center}
                  
I've inserted something that you may have forgotten.
(See the <inserted text> above.)
With luck, this will get me unwedged. But if you
really didn't forget anything, try typing `2' now; then
my insertion and my current dilemma will both disappear.

! Missing $ inserted.
<inserted text> 
                $
l.207 \end{center}
                  
I've inserted something that you may have forgotten.
(See the <inserted text> above.)
With luck, this will get me unwedged. But if you
really didn't forget anything, try typing `2' now; then
my insertion and my current dilemma will both disappear.

! Display math should end with $$.
<to be read again> 
                   \endgroup 
l.207 \end{center}
                  
The `$' that I just saw supposedly matches a previous `$$'.
So I shall assume that you typed `$$' both times.

<Image/15.jpg, id=116, 347.2975pt x 194.7275pt>
File: Image/15.jpg Graphic file (type jpg)
 <use Image/15.jpg>
<Image/16.jpg, id=117, 567.11874pt x 504.88625pt>
File: Image/16.jpg Graphic file (type jpg)
 <use Image/16.jpg>

LaTeX Warning: `!h' float specifier changed to `!ht'.

<Image/17.jpg, id=118, 588.1975pt x 504.88625pt>
File: Image/17.jpg Graphic file (type jpg)
 <use Image/17.jpg>

LaTeX Warning: `!h' float specifier changed to `!ht'.

<Image/18.jpg, id=119, 588.1975pt x 504.88625pt>
File: Image/18.jpg Graphic file (type jpg)
 <use Image/18.jpg>

LaTeX Warning: `!h' float specifier changed to `!ht'.

[13 <./Image/15.jpg>] [14 <./Image/16.jpg> <./Image/17.jpg>]
<Image/19.jpg, id=137, 812.03375pt x 537.00626pt>
File: Image/19.jpg Graphic file (type jpg)
 <use Image/19.jpg> [15 <./Image/18.jpg>]
! Undefined control sequence.
<argument> \hskip \GostTitleIndent 
                                   \relax \@svsec 
l.287 ...Работа с периферией. Функции и структуры}
                                                  
The control sequence at the end of the top line
of your error message was never \def'ed. If you have
misspelled it (e.g., `\hobx'), type `I' and the correct
spelling (e.g., `I\hbox'). Otherwise just continue,
and I'll forget about whatever was undefined.

! Missing number, treated as zero.
<to be read again> 
                   \relax 
l.287 ...Работа с периферией. Функции и структуры}
                                                  
A number should have been here; I inserted `0'.
(If you can't figure out why I needed to see a number,
look up `weird error' in the index to The TeXbook.)

! Illegal unit of measure (pt inserted).
<to be read again> 
                   \relax 
l.287 ...Работа с периферией. Функции и структуры}
                                                  
Dimensions can be in units of em, ex, in, pt, pc,
cm, mm, dd, cc, nd, nc, bp, or sp; but yours is a new one!
I'll assume that you meant to say pt, for printer's points.
To recover gracefully from this error, it's best to
delete the erroneous units; e.g., type `2' to delete
two letters. (See Chapter 27 of The TeXbook.)


Underfull \hbox (badness 10000) in paragraph at lines 288--289
[]\T2A/cmr/m/n/14.4 дКЪ ПЮ^^?АН^^?РШ Я ОЕ^^?ПХ^^?ТЕ^^?ПХ^^?ЕИ ЯС^^?ЫЕ^^?ЯРБС^^?
ЧР ДБЮ ЯОН^^?ЯН^^?АЮ: оЕП^^?БШИ
 []


Underfull \hbox (badness 10000) in paragraph at lines 288--289
\T2A/cmr/m/n/14.4 ЯОН^^?ЯНА ГЮ^^?ЙКЧ^^?ВЮ^^?ЕР^^?ЯЪ Б ХЯ^^?ОНКЭ^^?ГН^^?БЮ^^?МХХ
 ПЕ^^?ЦХ^^?ЯРПНБ НОПЕ^^?ДЕ^^?КЕМ^^?МШУ Б ГЮ^^?ЦН^^?
 []


Underfull \hbox (badness 10000) in paragraph at lines 288--289
\T2A/cmr/m/n/14.4 КН^^?БНВ^^?МНЛ ТЮИ^^?КЕ \T2A/cmr/m/it/14.4 stm32l1xx.h \T2A/c
mr/m/n/14.4 АХА^^?КХН^^?РЕ^^?ЙХ CMSIS, ПЮЯ^^?ОН^^?КН^^?ФЕМ^^?МН^^?ЛС Б
 []


Underfull \hbox (badness 10000) in paragraph at lines 292--294
[]\T2A/cmr/m/n/14.4 б ДЮМ^^?МНИ КЮ^^?АН^^?ПЮ^^?РНП^^?МНИ ПЮ^^?АН^^?РЕ СОПЮБ^^?К
Е^^?МХЕ ОЕ^^?ПХ^^?ТЕ^^?ПХ^^?ЕИ (ЯБЕ^^?
 []


Underfull \hbox (badness 10000) in paragraph at lines 292--294
\T2A/cmr/m/n/14.4 РН^^?ДХ^^?Н^^?ДЮ^^?ЛХ) АС^^?ДЕР ОПН^^?ХЯ^^?УН^^?ДХРЭ ВЕ^^?ПЕГ
 АХА^^?КХН^^?РЕ^^?ЙС \T2A/cmr/m/it/14.4 Standard Peripherals
 []


Underfull \hbox (badness 10000) in paragraph at lines 292--294
\T2A/cmr/m/it/14.4 Library (SPL)\T2A/cmr/m/n/14.4 , БЯЕ МЕНА^^?УН^^?ДХ^^?ЛШЕ ДК
Ъ ЩРН^^?ЦН ТСМЙ^^?ЖХХ МЮ^^?УН^^?ДЪР^^?
 []


Underfull \hbox (badness 10000) in paragraph at lines 292--294
\T2A/cmr/m/n/14.4 ЯЪ Б ТЮИ^^?КЮУ \T2A/cmr/m/it/14.4 stm32l1xx_gpio.c, stm32l1xx
_gpio.h, stm32l1xx_rcc.c,
 []


Underfull \hbox (badness 10000) in paragraph at lines 292--294
\T2A/cmr/m/it/14.4 stm32l1xx_rcc.h \T2A/cmr/m/n/14.4 Б ОЮО^^?ЙЕ []\T2A/cmtt/m/n
/14.4 кЮАНПЮРНПМШЕ ПЮАНРШ ОН ЛХЙПНЙНМРПНККЕПЮЛ
 []

[16 <./Image/19.jpg>] [17] [18]
Overfull \hbox (6.74428pt too wide) in paragraph at lines 385--385
[]\T2A/cmtt/m/n/14.4 void GPIO_Init(GPIO_TypeDef* GPIOx, GPIO_InitTypeDef* GPIO
_InitStruct);[] 
 []

[19]
! Undefined control sequence.
<argument> \hskip \GostTitleIndent 
                                   \relax \@svsec 
l.423 ...программы в микроконтроллер и ее отладка}
                                                  
The control sequence at the end of the top line
of your error message was never \def'ed. If you have
misspelled it (e.g., `\hobx'), type `I' and the correct
spelling (e.g., `I\hbox'). Otherwise just continue,
and I'll forget about whatever was undefined.

! Missing number, treated as zero.
<to be read again> 
                   \relax 
l.423 ...программы в микроконтроллер и ее отладка}
                                                  
A number should have been here; I inserted `0'.
(If you can't figure out why I needed to see a number,
look up `weird error' in the index to The TeXbook.)

! Illegal unit of measure (pt inserted).
<to be read again> 
                   \relax 
l.423 ...программы в микроконтроллер и ее отладка}
                                                  
Dimensions can be in units of em, ex, in, pt, pc,
cm, mm, dd, cc, nd, nc, bp, or sp; but yours is a new one!
I'll assume that you meant to say pt, for printer's points.
To recover gracefully from this error, it's best to
delete the erroneous units; e.g., type `2' to delete
two letters. (See Chapter 27 of The TeXbook.)

[20] <Image/20.jpg, id=165, 362.35374pt x 49.18375pt>
File: Image/20.jpg Graphic file (type jpg)
 <use Image/20.jpg>
<Image/21.jpg, id=166, 362.35374pt x 49.18375pt>
File: Image/21.jpg Graphic file (type jpg)
 <use Image/21.jpg>

LaTeX Warning: Citation `debug' on page 21 undefined on input line 451.

<Image/22.jpg, id=167, 282.05376pt x 103.38625pt>
File: Image/22.jpg Graphic file (type jpg)
 <use Image/22.jpg> [21 <./Image/20.jpg> <./Image/21.jpg> <./Image/22.jpg>]
! Undefined control sequence.
<argument> \hskip \GostTitleIndent 
                                   \relax \@svsec 
l.481 ...n{Порядок выполнения лабораторной работы}
                                                  
The control sequence at the end of the top line
of your error message was never \def'ed. If you have
misspelled it (e.g., `\hobx'), type `I' and the correct
spelling (e.g., `I\hbox'). Otherwise just continue,
and I'll forget about whatever was undefined.

! Missing number, treated as zero.
<to be read again> 
                   \relax 
l.481 ...n{Порядок выполнения лабораторной работы}
                                                  
A number should have been here; I inserted `0'.
(If you can't figure out why I needed to see a number,
look up `weird error' in the index to The TeXbook.)

! Illegal unit of measure (pt inserted).
<to be read again> 
                   \relax 
l.481 ...n{Порядок выполнения лабораторной работы}
                                                  
Dimensions can be in units of em, ex, in, pt, pc,
cm, mm, dd, cc, nd, nc, bp, or sp; but yours is a new one!
I'll assume that you meant to say pt, for printer's points.
To recover gracefully from this error, it's best to
delete the erroneous units; e.g., type `2' to delete
two letters. (See Chapter 27 of The TeXbook.)


Underfull \hbox (badness 10000) in paragraph at lines 485--486
[]\T2A/cmr/m/n/14.4 ЙНОХПНБЮРЭ Б ЯН^^?ГДЮМ^^?МСЧ ОЮО^^?ЙС []\T2A/cmtt/m/n/14.4 
Lab1\T2A/cmr/m/n/14.4 , ОЮО^^?ЙС []\T2A/cmtt/m/n/14.4 CMSIS \T2A/cmr/m/n/14.4 Х
Г ОЮО^^?ЙХ
 []


Underfull \hbox (badness 10000) in paragraph at lines 485--486
[]\T2A/cmtt/m/n/14.4 кЮАНПЮРНПМШЕ ПЮАНРШ ОН ЛХЙПНЙНМРПНККЕПЮЛ/Materials \T2A/cm
r/m/n/14.4 МЮ ПЮ^^?АН^^?ВЕЛ
 []


Underfull \hbox (badness 10000) in paragraph at lines 486--487
[]\T2A/cmr/m/n/14.4 дНАЮБХРЭ Б ЯН^^?ГДЮМ^^?МСЧ ОЮО^^?ЙС Я ОПН^^?ЕЙ^^?РНЛ
 []


Underfull \hbox (badness 10000) in paragraph at lines 486--487
\T2A/cmr/m/n/14.4 ОЮО^^?ЙС []\T2A/cmtt/m/n/14.4 STM32L1xx_StdPeriph_Driver \T2A
/cmr/m/n/14.4 ХГ ОЮО^^?ЙХ
 []

[22]
Underfull \hbox (badness 4036) in paragraph at lines 493--494
[]\T2A/cmr/m/n/14.4 дНАЮБХРЭ Б ОПН^^?ЕЙР IAR ТЮИ^^?КШ \T2A/cmr/m/it/14.4 stm32l
1xx_gpio.c, stm32l1xx_gpio.h,
 []

) [23] (./diploma.aux)

LaTeX Warning: There were undefined references.

 ) 
Here is how much of TeX's memory you used:
 8447 strings out of 494818
 118840 string characters out of 1178665
 191397 words of memory out of 3000000
 11399 multiletter control sequences out of 15000+50000
 13713 words of font info for 37 fonts, out of 3000000 for 9000
 212 hyphenation exceptions out of 8191
 52i,8n,42p,1271b,409s stack positions out of 5000i,500n,10000p,200000b,50000s
pdfTeX warning (dest): name{Hfootnote.2} has been referenced but does not exi
st, replaced by a fixed one

pdfTeX warning (dest): name{Hfootnote.1} has been referenced but does not exist
, replaced by a fixed one

{/usr/share/texmf/fonts/enc/dvips/cm-super/cm-super-t2a.enc}</usr/share/texmf-t
exlive/fonts/type1/public/amsfonts/cm/cmmi12.pfb></usr/share/texmf-texlive/font
s/type1/public/amsfonts/cm/cmr10.pfb></usr/share/texmf-texlive/fonts/type1/publ
ic/amsfonts/cm/cmr12.pfb></usr/share/texmf-texlive/fonts/type1/public/amsfonts/
cm/cmr7.pfb></usr/share/texmf-texlive/fonts/type1/public/amsfonts/cm/cmsy10.pfb
></usr/share/texmf/fonts/type1/public/cm-super/sfbx1440.pfb></usr/share/texmf/f
onts/type1/public/cm-super/sfrm0700.pfb></usr/share/texmf/fonts/type1/public/cm
-super/sfrm1000.pfb></usr/share/texmf/fonts/type1/public/cm-super/sfrm1440.pfb>
</usr/share/texmf/fonts/type1/public/cm-super/sfrm1728.pfb></usr/share/texmf/fo
nts/type1/public/cm-super/sfrm2074.pfb></usr/share/texmf/fonts/type1/public/cm-
super/sfti1440.pfb></usr/share/texmf/fonts/type1/public/cm-super/sftt1440.pfb>
Output written on diploma.pdf (21 pages, 1935411 bytes).
PDF statistics:
 260 PDF objects out of 1000 (max. 8388607)
 68 named destinations out of 1000 (max. 500000)
 152 words of extra memory for PDF output out of 10000 (max. 10000000)

